# JRE version: Java(TM) SE Runtime Environment (8.0_281-b09) (build 1.8.0_281-b09)
# Java VM: Java HotSpot(TM) 64-Bit Server VM (25.281-b09 mixed mode windows-amd64 compressed oops)
Heap:
 PSYoungGen      total 206336K, used 157661K [0x000000076b780000, 0x0000000778e80000, 0x00000007c0000000)
  eden space 192512K, 81% used [0x000000076b780000,0x0000000775177688,0x0000000777380000)
  from space 13824K, 0% used [0x0000000777380000,0x0000000777380000,0x0000000778100000)
  to   space 11776K, 0% used [0x0000000778280000,0x0000000778280000,0x0000000778e00000)
 ParOldGen       total 103936K, used 15147K [0x00000006c2600000, 0x00000006c8b80000, 0x000000076b780000)
  object space 103936K, 14% used [0x00000006c2600000,0x00000006c34cae28,0x00000006c8b80000)
 Metaspace       used 49146K, capacity 51884K, committed 52056K, reserved 1093632K
  class space    used 6676K, capacity 7175K, committed 7296K, reserved 1048576K
GC Heap History (10 events):
Event: 1.775 GC heap before
{Heap before GC invocations=5 (full 1):
 PSYoungGen      total 140800K, used 8237K [0x000000076b780000, 0x0000000774b80000, 0x00000007c0000000)
  eden space 130048K, 0% used [0x000000076b780000,0x000000076b780000,0x0000000773680000)
  from space 10752K, 76% used [0x0000000774100000,0x000000077490b6f0,0x0000000774b80000)
  to   space 10752K, 0% used [0x0000000773680000,0x0000000773680000,0x0000000774100000)
 ParOldGen       total 173568K, used 48K [0x00000006c2600000, 0x00000006ccf80000, 0x000000076b780000)
  object space 173568K, 0% used [0x00000006c2600000,0x00000006c260c000,0x00000006ccf80000)
 Metaspace       used 20187K, capacity 21116K, committed 21248K, reserved 1067008K
  class space    used 2521K, capacity 2739K, committed 2816K, reserved 1048576K
Event: 1.800 GC heap after
Heap after GC invocations=5 (full 1):
 PSYoungGen      total 140800K, used 0K [0x000000076b780000, 0x0000000774b80000, 0x00000007c0000000)
  eden space 130048K, 0% used [0x000000076b780000,0x000000076b780000,0x0000000773680000)
  from space 10752K, 0% used [0x0000000774100000,0x0000000774100000,0x0000000774b80000)
  to   space 10752K, 0% used [0x0000000773680000,0x0000000773680000,0x0000000774100000)
 ParOldGen       total 103936K, used 7986K [0x00000006c2600000, 0x00000006c8b80000, 0x000000076b780000)
  object space 103936K, 7% used [0x00000006c2600000,0x00000006c2dcca10,0x00000006c8b80000)
 Metaspace       used 20187K, capacity 21116K, committed 21248K, reserved 1067008K
  class space    used 2521K, capacity 2739K, committed 2816K, reserved 1048576K
}
Event: 2.460 GC heap before
{Heap before GC invocations=6 (full 1):
 PSYoungGen      total 140800K, used 130048K [0x000000076b780000, 0x0000000774b80000, 0x00000007c0000000)
  eden space 130048K, 100% used [0x000000076b780000,0x0000000773680000,0x0000000773680000)
  from space 10752K, 0% used [0x0000000774100000,0x0000000774100000,0x0000000774b80000)
  to   space 10752K, 0% used [0x0000000773680000,0x0000000773680000,0x0000000774100000)
 ParOldGen       total 103936K, used 7986K [0x00000006c2600000, 0x00000006c8b80000, 0x000000076b780000)
  object space 103936K, 7% used [0x00000006c2600000,0x00000006c2dcca10,0x00000006c8b80000)
 Metaspace       used 24002K, capacity 25254K, committed 25344K, reserved 1071104K
  class space    used 3020K, capacity 3279K, committed 3328K, reserved 1048576K
Event: 2.468 GC heap after
Heap after GC invocations=6 (full 1):
 PSYoungGen      total 140800K, used 8519K [0x000000076b780000, 0x0000000778e00000, 0x00000007c0000000)
  eden space 130048K, 0% used [0x000000076b780000,0x000000076b780000,0x0000000773680000)
  from space 10752K, 79% used [0x0000000773680000,0x0000000773ed1e38,0x0000000774100000)
  to   space 11776K, 0% used [0x0000000778280000,0x0000000778280000,0x0000000778e00000)
 ParOldGen       total 103936K, used 7994K [0x00000006c2600000, 0x00000006c8b80000, 0x000000076b780000)
  object space 103936K, 7% used [0x00000006c2600000,0x00000006c2dcea10,0x00000006c8b80000)
 Metaspace       used 24002K, capacity 25254K, committed 25344K, reserved 1071104K
  class space    used 3020K, capacity 3279K, committed 3328K, reserved 1048576K
}
Event: 3.683 GC heap before
{Heap before GC invocations=7 (full 1):
 PSYoungGen      total 140800K, used 138561K [0x000000076b780000, 0x0000000778e00000, 0x00000007c0000000)
  eden space 130048K, 99% used [0x000000076b780000,0x000000077367e758,0x0000000773680000)
  from space 10752K, 79% used [0x0000000773680000,0x0000000773ed1e38,0x0000000774100000)
  to   space 11776K, 0% used [0x0000000778280000,0x0000000778280000,0x0000000778e00000)
 ParOldGen       total 103936K, used 7994K [0x00000006c2600000, 0x00000006c8b80000, 0x000000076b780000)
  object space 103936K, 7% used [0x00000006c2600000,0x00000006c2dcea10,0x00000006c8b80000)
 Metaspace       used 31751K, capacity 33898K, committed 34304K, reserved 1079296K
  class space    used 4104K, capacity 4509K, committed 4608K, reserved 1048576K
Event: 3.693 GC heap after
Heap after GC invocations=7 (full 1):
 PSYoungGen      total 204288K, used 11769K [0x000000076b780000, 0x0000000778e80000, 0x00000007c0000000)
  eden space 192512K, 0% used [0x000000076b780000,0x000000076b780000,0x0000000777380000)
  from space 11776K, 99% used [0x0000000778280000,0x0000000778dfe478,0x0000000778e00000)
  to   space 13824K, 0% used [0x0000000777380000,0x0000000777380000,0x0000000778100000)
 ParOldGen       total 103936K, used 9326K [0x00000006c2600000, 0x00000006c8b80000, 0x000000076b780000)
  object space 103936K, 8% used [0x00000006c2600000,0x00000006c2f1b9c0,0x00000006c8b80000)
 Metaspace       used 31751K, capacity 33898K, committed 34304K, reserved 1079296K
  class space    used 4104K, capacity 4509K, committed 4608K, reserved 1048576K
}
Event: 4.006 GC heap before
{Heap before GC invocations=8 (full 1):
 PSYoungGen      total 204288K, used 93157K [0x000000076b780000, 0x0000000778e80000, 0x00000007c0000000)
  eden space 192512K, 42% used [0x000000076b780000,0x00000007706fb250,0x0000000777380000)
  from space 11776K, 99% used [0x0000000778280000,0x0000000778dfe478,0x0000000778e00000)
  to   space 13824K, 0% used [0x0000000777380000,0x0000000777380000,0x0000000778100000)
 ParOldGen       total 103936K, used 9326K [0x00000006c2600000, 0x00000006c8b80000, 0x000000076b780000)
  object space 103936K, 8% used [0x00000006c2600000,0x00000006c2f1b9c0,0x00000006c8b80000)
 Metaspace       used 33119K, capacity 35368K, committed 35416K, reserved 1079296K
  class space    used 4295K, capacity 4716K, committed 4736K, reserved 1048576K
Event: 4.012 GC heap after
Heap after GC invocations=8 (full 1):
 PSYoungGen      total 206336K, used 10088K [0x000000076b780000, 0x0000000778e80000, 0x00000007c0000000)
  eden space 192512K, 0% used [0x000000076b780000,0x000000076b780000,0x0000000777380000)
  from space 13824K, 72% used [0x0000000777380000,0x0000000777d5a1c8,0x0000000778100000)
  to   space 11776K, 0% used [0x0000000778280000,0x0000000778280000,0x0000000778e00000)
 ParOldGen       total 103936K, used 9334K [0x00000006c2600000, 0x00000006c8b80000, 0x000000076b780000)
  object space 103936K, 8% used [0x00000006c2600000,0x00000006c2f1d9c0,0x00000006c8b80000)
 Metaspace       used 33119K, capacity 35368K, committed 35416K, reserved 1079296K
  class space    used 4295K, capacity 4716K, committed 4736K, reserved 1048576K
}
Event: 4.012 GC heap before
{Heap before GC invocations=9 (full 2):
 PSYoungGen      total 206336K, used 10088K [0x000000076b780000, 0x0000000778e80000, 0x00000007c0000000)
  eden space 192512K, 0% used [0x000000076b780000,0x000000076b780000,0x0000000777380000)
  from space 13824K, 72% used [0x0000000777380000,0x0000000777d5a1c8,0x0000000778100000)
  to   space 11776K, 0% used [0x0000000778280000,0x0000000778280000,0x0000000778e00000)
 ParOldGen       total 103936K, used 9334K [0x00000006c2600000, 0x00000006c8b80000, 0x000000076b780000)
  object space 103936K, 8% used [0x00000006c2600000,0x00000006c2f1d9c0,0x00000006c8b80000)
 Metaspace       used 33119K, capacity 35368K, committed 35416K, reserved 1079296K
  class space    used 4295K, capacity 4716K, committed 4736K, reserved 1048576K
Event: 4.051 GC heap after
Heap after GC invocations=9 (full 2):
 PSYoungGen      total 206336K, used 0K [0x000000076b780000, 0x0000000778e80000, 0x00000007c0000000)
  eden space 192512K, 0% used [0x000000076b780000,0x000000076b780000,0x0000000777380000)
  from space 13824K, 0% used [0x0000000777380000,0x0000000777380000,0x0000000778100000)
  to   space 11776K, 0% used [0x0000000778280000,0x0000000778280000,0x0000000778e00000)
 ParOldGen       total 103936K, used 15147K [0x00000006c2600000, 0x00000006c8b80000, 0x000000076b780000)
  object space 103936K, 14% used [0x00000006c2600000,0x00000006c34cae28,0x00000006c8b80000)
 Metaspace       used 33119K, capacity 35368K, committed 35416K, reserved 1079296K
  class space    used 4295K, capacity 4716K, committed 4736K, reserved 1048576K
}

