# JRE version: Java(TM) SE Runtime Environment (8.0_281-b09) (build 1.8.0_281-b09)
# Java VM: Java HotSpot(TM) 64-Bit Server VM (25.281-b09 mixed mode windows-amd64 compressed oops)
Heap:
 PSYoungGen      total 160256K, used 16225K [0x000000076b780000, 0x0000000776900000, 0x00000007c0000000)
  eden space 146432K, 11% used [0x000000076b780000,0x000000076c7587c8,0x0000000774680000)
  from space 13824K, 0% used [0x0000000774680000,0x0000000774680000,0x0000000775400000)
  to   space 13824K, 0% used [0x0000000775400000,0x0000000775400000,0x0000000776180000)
 ParOldGen       total 105472K, used 14232K [0x00000006c2600000, 0x00000006c8d00000, 0x000000076b780000)
  object space 105472K, 13% used [0x00000006c2600000,0x00000006c33e60f0,0x00000006c8d00000)
 Metaspace       used 34939K, capacity 37194K, committed 37464K, reserved 1081344K
  class space    used 4526K, capacity 4955K, committed 4992K, reserved 1048576K
GC Heap History (10 events):
Event: 3.086 GC heap before
{Heap before GC invocations=7 (full 1):
 PSYoungGen      total 75776K, used 68298K [0x000000076b780000, 0x0000000773180000, 0x00000007c0000000)
  eden space 65024K, 100% used [0x000000076b780000,0x000000076f700000,0x000000076f700000)
  from space 10752K, 30% used [0x000000076f700000,0x000000076fa32af0,0x0000000770180000)
  to   space 12288K, 0% used [0x0000000772580000,0x0000000772580000,0x0000000773180000)
 ParOldGen       total 105472K, used 7652K [0x00000006c2600000, 0x00000006c8d00000, 0x000000076b780000)
  object space 105472K, 7% used [0x00000006c2600000,0x00000006c2d79248,0x00000006c8d00000)
 Metaspace       used 24025K, capacity 25252K, committed 25344K, reserved 1071104K
  class space    used 3013K, capacity 3278K, committed 3328K, reserved 1048576K
Event: 3.094 GC heap after
Heap after GC invocations=7 (full 1):
 PSYoungGen      total 108544K, used 6997K [0x000000076b780000, 0x0000000772e80000, 0x00000007c0000000)
  eden space 99328K, 0% used [0x000000076b780000,0x000000076b780000,0x0000000771880000)
  from space 9216K, 75% used [0x0000000772580000,0x0000000772c55748,0x0000000772e80000)
  to   space 11264K, 0% used [0x0000000771880000,0x0000000771880000,0x0000000772380000)
 ParOldGen       total 105472K, used 7660K [0x00000006c2600000, 0x00000006c8d00000, 0x000000076b780000)
  object space 105472K, 7% used [0x00000006c2600000,0x00000006c2d7b248,0x00000006c8d00000)
 Metaspace       used 24025K, capacity 25252K, committed 25344K, reserved 1071104K
  class space    used 3013K, capacity 3278K, committed 3328K, reserved 1048576K
}
Event: 5.303 GC heap before
{Heap before GC invocations=8 (full 1):
 PSYoungGen      total 108544K, used 106325K [0x000000076b780000, 0x0000000772e80000, 0x00000007c0000000)
  eden space 99328K, 100% used [0x000000076b780000,0x0000000771880000,0x0000000771880000)
  from space 9216K, 75% used [0x0000000772580000,0x0000000772c55748,0x0000000772e80000)
  to   space 11264K, 0% used [0x0000000771880000,0x0000000771880000,0x0000000772380000)
 ParOldGen       total 105472K, used 7660K [0x00000006c2600000, 0x00000006c8d00000, 0x000000076b780000)
  object space 105472K, 7% used [0x00000006c2600000,0x00000006c2d7b248,0x00000006c8d00000)
 Metaspace       used 31790K, capacity 33900K, committed 34048K, reserved 1079296K
  class space    used 4104K, capacity 4510K, committed 4608K, reserved 1048576K
Event: 5.313 GC heap after
Heap after GC invocations=8 (full 1):
 PSYoungGen      total 110592K, used 11251K [0x000000076b780000, 0x0000000776180000, 0x00000007c0000000)
  eden space 99328K, 0% used [0x000000076b780000,0x000000076b780000,0x0000000771880000)
  from space 11264K, 99% used [0x0000000771880000,0x000000077237ce70,0x0000000772380000)
  to   space 13824K, 0% used [0x0000000775400000,0x0000000775400000,0x0000000776180000)
 ParOldGen       total 105472K, used 9523K [0x00000006c2600000, 0x00000006c8d00000, 0x000000076b780000)
  object space 105472K, 9% used [0x00000006c2600000,0x00000006c2f4ce00,0x00000006c8d00000)
 Metaspace       used 31790K, capacity 33900K, committed 34048K, reserved 1079296K
  class space    used 4104K, capacity 4510K, committed 4608K, reserved 1048576K
}
Event: 5.620 GC heap before
{Heap before GC invocations=9 (full 1):
 PSYoungGen      total 110592K, used 110579K [0x000000076b780000, 0x0000000776180000, 0x00000007c0000000)
  eden space 99328K, 100% used [0x000000076b780000,0x0000000771880000,0x0000000771880000)
  from space 11264K, 99% used [0x0000000771880000,0x000000077237ce70,0x0000000772380000)
  to   space 13824K, 0% used [0x0000000775400000,0x0000000775400000,0x0000000776180000)
 ParOldGen       total 105472K, used 9523K [0x00000006c2600000, 0x00000006c8d00000, 0x000000076b780000)
  object space 105472K, 9% used [0x00000006c2600000,0x00000006c2f4ce00,0x00000006c8d00000)
 Metaspace       used 32851K, capacity 35076K, committed 35200K, reserved 1079296K
  class space    used 4238K, capacity 4642K, committed 4736K, reserved 1048576K
Event: 5.629 GC heap after
Heap after GC invocations=9 (full 1):
 PSYoungGen      total 160256K, used 9708K [0x000000076b780000, 0x0000000776900000, 0x00000007c0000000)
  eden space 146432K, 0% used [0x000000076b780000,0x000000076b780000,0x0000000774680000)
  from space 13824K, 70% used [0x0000000775400000,0x0000000775d7b330,0x0000000776180000)
  to   space 13824K, 0% used [0x0000000774680000,0x0000000774680000,0x0000000775400000)
 ParOldGen       total 105472K, used 9531K [0x00000006c2600000, 0x00000006c8d00000, 0x000000076b780000)
  object space 105472K, 9% used [0x00000006c2600000,0x00000006c2f4ee00,0x00000006c8d00000)
 Metaspace       used 32851K, capacity 35076K, committed 35200K, reserved 1079296K
  class space    used 4238K, capacity 4642K, committed 4736K, reserved 1048576K
}
Event: 5.735 GC heap before
{Heap before GC invocations=10 (full 1):
 PSYoungGen      total 160256K, used 18846K [0x000000076b780000, 0x0000000776900000, 0x00000007c0000000)
  eden space 146432K, 6% used [0x000000076b780000,0x000000076c06c7a0,0x0000000774680000)
  from space 13824K, 70% used [0x0000000775400000,0x0000000775d7b330,0x0000000776180000)
  to   space 13824K, 0% used [0x0000000774680000,0x0000000774680000,0x0000000775400000)
 ParOldGen       total 105472K, used 9531K [0x00000006c2600000, 0x00000006c8d00000, 0x000000076b780000)
  object space 105472K, 9% used [0x00000006c2600000,0x00000006c2f4ee00,0x00000006c8d00000)
 Metaspace       used 33142K, capacity 35364K, committed 35416K, reserved 1079296K
  class space    used 4289K, capacity 4716K, committed 4736K, reserved 1048576K
Event: 5.747 GC heap after
Heap after GC invocations=10 (full 1):
 PSYoungGen      total 160256K, used 8044K [0x000000076b780000, 0x0000000776900000, 0x00000007c0000000)
  eden space 146432K, 0% used [0x000000076b780000,0x000000076b780000,0x0000000774680000)
  from space 13824K, 58% used [0x0000000774680000,0x0000000774e5b0d8,0x0000000775400000)
  to   space 13824K, 0% used [0x0000000775400000,0x0000000775400000,0x0000000776180000)
 ParOldGen       total 105472K, used 10700K [0x00000006c2600000, 0x00000006c8d00000, 0x000000076b780000)
  object space 105472K, 10% used [0x00000006c2600000,0x00000006c30731e0,0x00000006c8d00000)
 Metaspace       used 33142K, capacity 35364K, committed 35416K, reserved 1079296K
  class space    used 4289K, capacity 4716K, committed 4736K, reserved 1048576K
}
Event: 5.747 GC heap before
{Heap before GC invocations=11 (full 2):
 PSYoungGen      total 160256K, used 8044K [0x000000076b780000, 0x0000000776900000, 0x00000007c0000000)
  eden space 146432K, 0% used [0x000000076b780000,0x000000076b780000,0x0000000774680000)
  from space 13824K, 58% used [0x0000000774680000,0x0000000774e5b0d8,0x0000000775400000)
  to   space 13824K, 0% used [0x0000000775400000,0x0000000775400000,0x0000000776180000)
 ParOldGen       total 105472K, used 10700K [0x00000006c2600000, 0x00000006c8d00000, 0x000000076b780000)
  object space 105472K, 10% used [0x00000006c2600000,0x00000006c30731e0,0x00000006c8d00000)
 Metaspace       used 33142K, capacity 35364K, committed 35416K, reserved 1079296K
  class space    used 4289K, capacity 4716K, committed 4736K, reserved 1048576K
Event: 5.800 GC heap after
Heap after GC invocations=11 (full 2):
 PSYoungGen      total 160256K, used 0K [0x000000076b780000, 0x0000000776900000, 0x00000007c0000000)
  eden space 146432K, 0% used [0x000000076b780000,0x000000076b780000,0x0000000774680000)
  from space 13824K, 0% used [0x0000000774680000,0x0000000774680000,0x0000000775400000)
  to   space 13824K, 0% used [0x0000000775400000,0x0000000775400000,0x0000000776180000)
 ParOldGen       total 105472K, used 14232K [0x00000006c2600000, 0x00000006c8d00000, 0x000000076b780000)
  object space 105472K, 13% used [0x00000006c2600000,0x00000006c33e60f0,0x00000006c8d00000)
 Metaspace       used 33142K, capacity 35364K, committed 35416K, reserved 1079296K
  class space    used 4289K, capacity 4716K, committed 4736K, reserved 1048576K
}

